<?xml version="1.0" encoding="UTF-8"?>
<testsuite name="org.iesalandalus.programacion.damas.modelo.ColorTest" tests="1" skipped="0" failures="0" errors="0" timestamp="2024-11-11T18:23:48" hostname="DESKTOP-A0U7RT4" time="0.017">
  <properties/>
  <testcase name="nombresValidosColores()" classname="org.iesalandalus.programacion.damas.modelo.ColorTest" time="0.017"/>
  <system-out><![CDATA[]]></system-out>
  <system-err><![CDATA[]]></system-err>
</testsuite>
